Using pre-set license
Built from '2022.3/staging' branch; Version is '2022.3.9f1 (ea401c316338) revision 15351836'; Using compiler version '192829333'; Build Type 'Release'
OS: 'Windows 11  (10.0.22621) 64bit Professional' Language: 'en' Physical Memory: 32529 MB
BatchMode: 1, IsHumanControllingUs: 0, StartBugReporterOnCrash: 0, Is64bit: 1, IsPro: 1

COMMAND LINE ARGUMENTS:
C:\Program Files\Unity\Hub\Editor\2022.3.9f1\Editor\Unity.exe
-adb2
-batchMode
-noUpm
-name
AssetImportWorker1
-projectPath
C:/OTU/OTU/Animation and Ai/Aianimationlabs/Lab 4/NewLab4
-logFile
Logs/AssetImportWorker1.log
-srvPort
61424
Successfully changed project path to: C:/OTU/OTU/Animation and Ai/Aianimationlabs/Lab 4/NewLab4
C:/OTU/OTU/Animation and Ai/Aianimationlabs/Lab 4/NewLab4
[UnityMemory] Configuration Parameters - Can be set up in boot.config
    "memorysetup-bucket-allocator-granularity=16"
    "memorysetup-bucket-allocator-bucket-count=8"
    "memorysetup-bucket-allocator-block-size=33554432"
    "memorysetup-bucket-allocator-block-count=8"
    "memorysetup-main-allocator-block-size=16777216"
    "memorysetup-thread-allocator-block-size=16777216"
    "memorysetup-gfx-main-allocator-block-size=16777216"
    "memorysetup-gfx-thread-allocator-block-size=16777216"
    "memorysetup-cache-allocator-block-size=4194304"
    "memorysetup-typetree-allocator-block-size=2097152"
    "memorysetup-profiler-bucket-allocator-granularity=16"
    "memorysetup-profiler-bucket-allocator-bucket-count=8"
    "memorysetup-profiler-bucket-allocator-block-size=33554432"
    "memorysetup-profiler-bucket-allocator-block-count=8"
    "memorysetup-profiler-allocator-block-size=16777216"
    "memorysetup-profiler-editor-allocator-block-size=1048576"
    "memorysetup-temp-allocator-size-main=16777216"
    "memorysetup-job-temp-allocator-block-size=2097152"
    "memorysetup-job-temp-allocator-block-size-background=1048576"
    "memorysetup-job-temp-allocator-reduction-small-platforms=262144"
    "memorysetup-allocator-temp-initial-block-size-main=262144"
    "memorysetup-allocator-temp-initial-block-size-worker=262144"
    "memorysetup-temp-allocator-size-background-worker=32768"
    "memorysetup-temp-allocator-size-job-worker=262144"
    "memorysetup-temp-allocator-size-preload-manager=33554432"
    "memorysetup-temp-allocator-size-nav-mesh-worker=65536"
    "memorysetup-temp-allocator-size-audio-worker=65536"
    "memorysetup-temp-allocator-size-cloud-worker=32768"
    "memorysetup-temp-allocator-size-gi-baking-worker=262144"
    "memorysetup-temp-allocator-size-gfx=262144"
Player connection [14852] Host "[IP] 192.168.0.90 [Port] 0 [Flags] 2 [Guid] 3937020916 [EditorId] 3937020916 [Version] 1048832 [Id] WindowsEditor(7,DESKTOP-L9QE59E) [Debug] 1 [PackageName] WindowsEditor [ProjectName] Editor" joined multi-casting on [225.0.0.222:54997]...

Player connection [14852] Host "[IP] 192.168.0.90 [Port] 0 [Flags] 2 [Guid] 3937020916 [EditorId] 3937020916 [Version] 1048832 [Id] WindowsEditor(7,DESKTOP-L9QE59E) [Debug] 1 [PackageName] WindowsEditor [ProjectName] Editor" joined alternative multi-casting on [225.0.0.222:34997]...

[Physics::Module] Initialized MultithreadedJobDispatcher with 11 workers.
Refreshing native plugins compatible for Editor in 14.77 ms, found 3 plugins.
Preloading 0 native plugins for Editor in 0.00 ms.
Initialize engine version: 2022.3.9f1 (ea401c316338)
[Subsystems] Discovering subsystems at path C:/Program Files/Unity/Hub/Editor/2022.3.9f1/Editor/Data/Resources/UnitySubsystems
[Subsystems] Discovering subsystems at path C:/OTU/OTU/Animation and Ai/Aianimationlabs/Lab 4/NewLab4/Assets
GfxDevice: creating device client; threaded=0; jobified=0
Direct3D:
    Version:  Direct3D 11.0 [level 11.1]
    Renderer: NVIDIA GeForce RTX 2070 with Max-Q Design (ID=0x1f14)
    Vendor:   NVIDIA
    VRAM:     8019 MB
    Driver:   31.0.15.4592
Initialize mono
Mono path[0] = 'C:/Program Files/Unity/Hub/Editor/2022.3.9f1/Editor/Data/Managed'
Mono path[1] = 'C:/Program Files/Unity/Hub/Editor/2022.3.9f1/Editor/Data/MonoBleedingEdge/lib/mono/unityjit-win32'
Mono config path = 'C:/Program Files/Unity/Hub/Editor/2022.3.9f1/Editor/Data/MonoBleedingEdge/etc'
Using monoOptions --debugger-agent=transport=dt_socket,embedding=1,server=y,suspend=n,address=127.0.0.1:56180
Begin MonoManager ReloadAssembly
Registering precompiled unity dll's ...
Register platform support module: C:/Program Files/Unity/Hub/Editor/2022.3.9f1/Editor/Data/PlaybackEngines/WindowsStandaloneSupport/UnityEditor.WindowsStandalone.Extensions.dll
Registered in 0.016600 seconds.
- Loaded All Assemblies, in  0.891 seconds
Native extension for WindowsStandalone target not found
Mono: successfully reloaded assembly
- Finished resetting the current domain, in  0.628 seconds
Domain Reload Profiling: 1513ms
	BeginReloadAssembly (244ms)
		ExecutionOrderSort (0ms)
		DisableScriptedObjects (0ms)
		BackupInstance (0ms)
		ReleaseScriptingObjects (0ms)
		CreateAndSetChildDomain (2ms)
	RebuildCommonClasses (87ms)
	RebuildNativeTypeToScriptingClass (30ms)
	initialDomainReloadingComplete (142ms)
	LoadAllAssembliesAndSetupDomain (380ms)
		LoadAssemblies (239ms)
		RebuildTransferFunctionScriptingTraits (0ms)
		AnalyzeDomain (374ms)
			TypeCache.Refresh (371ms)
				TypeCache.ScanAssembly (336ms)
			ScanForSourceGeneratedMonoScriptInfo (1ms)
			ResolveRequiredComponents (1ms)
	FinalizeReload (630ms)
		ReleaseScriptCaches (0ms)
		RebuildScriptCaches (0ms)
		SetupLoadedEditorAssemblies (488ms)
			LogAssemblyErrors (0ms)
			InitializePlatformSupportModulesInManaged (25ms)
			SetLoadedEditorAssemblies (19ms)
			RefreshPlugins (0ms)
			BeforeProcessingInitializeOnLoad (7ms)
			ProcessInitializeOnLoadAttributes (318ms)
			ProcessInitializeOnLoadMethodAttributes (118ms)
			AfterProcessingInitializeOnLoad (0ms)
			EditorAssembliesLoaded (0ms)
		ExecutionOrderSort2 (0ms)
		AwakeInstancesAfterBackupRestoration (0ms)
========================================================================
Worker process is ready to serve import requests
Begin MonoManager ReloadAssembly
- Loaded All Assemblies, in  1.567 seconds
Refreshing native plugins compatible for Editor in 7.84 ms, found 3 plugins.
Native extension for WindowsStandalone target not found
Package Manager log level set to [2]
[Package Manager] Server::EnsureServerProcessIsRunning -- launch failed, reason: Unity was launched with the -noUpm command-line argument
[Package Manager] UpmClient::Send -- Unable to send message (not connected to UPM process).
[Package Manager] Cannot connect to Unity Package Manager local server
Mono: successfully reloaded assembly
- Finished resetting the current domain, in  1.911 seconds
Domain Reload Profiling: 3470ms
	BeginReloadAssembly (378ms)
		ExecutionOrderSort (0ms)
		DisableScriptedObjects (18ms)
		BackupInstance (0ms)
		ReleaseScriptingObjects (0ms)
		CreateAndSetChildDomain (54ms)
	RebuildCommonClasses (86ms)
	RebuildNativeTypeToScriptingClass (22ms)
	initialDomainReloadingComplete (98ms)
	LoadAllAssembliesAndSetupDomain (974ms)
		LoadAssemblies (724ms)
		RebuildTransferFunctionScriptingTraits (0ms)
		AnalyzeDomain (452ms)
			TypeCache.Refresh (413ms)
				TypeCache.ScanAssembly (375ms)
			ScanForSourceGeneratedMonoScriptInfo (29ms)
			ResolveRequiredComponents (8ms)
	FinalizeReload (1911ms)
		ReleaseScriptCaches (0ms)
		RebuildScriptCaches (0ms)
		SetupLoadedEditorAssemblies (1542ms)
			LogAssemblyErrors (0ms)
			InitializePlatformSupportModulesInManaged (17ms)
			SetLoadedEditorAssemblies (9ms)
			RefreshPlugins (0ms)
			BeforeProcessingInitializeOnLoad (210ms)
			ProcessInitializeOnLoadAttributes (1243ms)
			ProcessInitializeOnLoadMethodAttributes (42ms)
			AfterProcessingInitializeOnLoad (21ms)
			EditorAssembliesLoaded (0ms)
		ExecutionOrderSort2 (0ms)
		AwakeInstancesAfterBackupRestoration (16ms)
Launched and connected shader compiler UnityShaderCompiler.exe after 0.17 seconds
Refreshing native plugins compatible for Editor in 8.01 ms, found 3 plugins.
Preloading 0 native plugins for Editor in 0.00 ms.
Unloading 3070 Unused Serialized files (Serialized files now loaded: 0)
Unloading 31 unused Assets / (56.4 KB). Loaded Objects now: 3532.
Memory consumption went from 114.4 MB to 114.3 MB.
Total: 10.112300 ms (FindLiveObjects: 0.433300 ms CreateObjectMapping: 0.458300 ms MarkObjects: 9.017600 ms  DeleteObjects: 0.201400 ms)

AssetImportParameters requested are different than current active one (requested -> active):
  custom:container-demuxer-ogg: 62fdf1f143b41e24485cea50d1cbac27 -> 
  custom:video-codec-MediaFoundation-h265: 746d11721c4dcdbdad8f713fa42b33f4 -> 
  custom:video-decoder-ogg-theora: a1e56fd34408186e4bbccfd4996cb3dc -> 
  custom:framework-win-MediaFoundation: 216162199b28c13a410421893ffa2e32 -> 
  custom:CustomObjectIndexerAttribute: 756ad292c208cfabdd7b50bc23989ffe -> 
  custom:container-demuxer-webm: 4f35f7cbe854078d1ac9338744f61a02 -> 
  custom:container-muxer-webm: aa71ff27fc2769a1b78a27578f13a17b -> 
  custom:video-decoder-webm-vp8: 9c59270c3fd7afecdb556c50c9e8de78 -> 
  custom:SearchIndexIgnoredProperties: e643bd26f0fe6173181afceb89e7c659 -> 
  custom:AudioImporter_EditorPlatform: d09bf68614088b80899f8185d706f6e7 -> 
  custom:video-encoder-webm-vp8: eb34c28f22e8b96e1ab97ce403110664 -> 
  custom:audio-decoder-ogg-vorbis: bf7c407c2cedff20999df2af8eb42d56 -> 
  custom:audio-encoder-webm-vorbis: bf7c407c2cedff20999df2af8eb42d56 -> 
========================================================================
Received Import Request.
  Time since last request: 250862.433935 seconds.
  path: Assets/Lab04-resources/Part 2/Exo Gray@Running.fbx
  artifactKey: Guid(e055ea8f441dae14486fd8e38570aebf) Importer(815301076,1909f56bfc062723c751e8b465ee728b)
Start importing Assets/Lab04-resources/Part 2/Exo Gray@Running.fbx using Guid(e055ea8f441dae14486fd8e38570aebf) Importer(815301076,1909f56bfc062723c751e8b465ee728b)  -> (artifact id: 'fbf35c3320f8d633c92f501801761502') in 0.568492 seconds
Number of updated asset objects reloaded before import = 0
Number of asset objects unloaded after import = 266
========================================================================
Received Import Request.
  Time since last request: 43.260761 seconds.
  path: Assets/Lab04-resources/Part 2/Body_MAT.mat
  artifactKey: Guid(6f4042f8a9221104481b234ff95d3bce) Importer(815301076,1909f56bfc062723c751e8b465ee728b)
Start importing Assets/Lab04-resources/Part 2/Body_MAT.mat using Guid(6f4042f8a9221104481b234ff95d3bce) Importer(815301076,1909f56bfc062723c751e8b465ee728b)  -> (artifact id: '7a9c7606ec8cd77acd77b3a44dd73f6f') in 0.016379 seconds
Number of updated asset objects reloaded before import = 0
Number of asset objects unloaded after import = 1
========================================================================
Received Import Request.
  Time since last request: 1.266852 seconds.
  path: Assets/Lab04-resources/Part 2/Brows_MAT.mat
  artifactKey: Guid(9c21b62058371ff45bdbfc9a6a294c50) Importer(815301076,1909f56bfc062723c751e8b465ee728b)
Start importing Assets/Lab04-resources/Part 2/Brows_MAT.mat using Guid(9c21b62058371ff45bdbfc9a6a294c50) Importer(815301076,1909f56bfc062723c751e8b465ee728b)  -> (artifact id: 'fe227df4d8238944d147d6acc98118ee') in 0.023006 seconds
Number of updated asset objects reloaded before import = 0
Number of asset objects unloaded after import = 1
========================================================================
Received Import Request.
  Time since last request: 0.000036 seconds.
  path: Assets/Lab04-resources/Part 2/Eye_Spec_MAT.mat
  artifactKey: Guid(dc28594257ba6614089ecf03b6edd161) Importer(815301076,1909f56bfc062723c751e8b465ee728b)
Start importing Assets/Lab04-resources/Part 2/Eye_Spec_MAT.mat using Guid(dc28594257ba6614089ecf03b6edd161) Importer(815301076,1909f56bfc062723c751e8b465ee728b)  -> (artifact id: '863f9df265bc8d39317e33a3e3d77c85') in 0.018636 seconds
Number of updated asset objects reloaded before import = 0
Number of asset objects unloaded after import = 1
========================================================================
Received Import Request.
  Time since last request: 23.117777 seconds.
  path: Assets/Lab04-resources/Part 2/BODY_normal.png
  artifactKey: Guid(5f013e996e758aa429b24d71de77e4f1) Importer(815301076,1909f56bfc062723c751e8b465ee728b)
Start importing Assets/Lab04-resources/Part 2/BODY_normal.png using Guid(5f013e996e758aa429b24d71de77e4f1) Importer(815301076,1909f56bfc062723c751e8b465ee728b)  -> (artifact id: 'b68b11cd0552df5d8a41055c0e5b72f6') in 0.062913 seconds
Number of updated asset objects reloaded before import = 0
Number of asset objects unloaded after import = 2
========================================================================
Received Import Request.
  Time since last request: 0.000094 seconds.
  path: Assets/Lab04-resources/Part 2/BROW_diffuse.png
  artifactKey: Guid(6b97d781512401d429e1617ff46ce474) Importer(815301076,1909f56bfc062723c751e8b465ee728b)
Start importing Assets/Lab04-resources/Part 2/BROW_diffuse.png using Guid(6b97d781512401d429e1617ff46ce474) Importer(815301076,1909f56bfc062723c751e8b465ee728b)  -> (artifact id: 'f4e3d67fdbeb0401f79530e28ce59acd') in 0.068888 seconds
Number of updated asset objects reloaded before import = 0
Number of asset objects unloaded after import = 2
========================================================================
Received Import Request.
  Time since last request: 0.000043 seconds.
  path: Assets/Lab04-resources/Part 2/EXO_specular.png
  artifactKey: Guid(82322b8b9e8a8554697a601a1688e79c) Importer(815301076,1909f56bfc062723c751e8b465ee728b)
Start importing Assets/Lab04-resources/Part 2/EXO_specular.png using Guid(82322b8b9e8a8554697a601a1688e79c) Importer(815301076,1909f56bfc062723c751e8b465ee728b)  -> (artifact id: '07240cefeba8050a0dcac5c1746343be') in 0.038160 seconds
Number of updated asset objects reloaded before import = 0
Number of asset objects unloaded after import = 2
